<?xml version="1.0" encoding="UTF-8"?>
<!-- Generated by org.testng.reporters.JUnitReportReporter -->
<testsuite skipped="0" hostname="L-C02V267CHTD6" name="core.ExtentReportsTest" tests="2" failures="0" timestamp="2019-08-24T22:44:39 PDT" time="2.505" errors="0">
  <testcase name="SignUpTest" time="1.415" classname="core.ExtentReportsTest"/>
  <testcase name="ConfirmationTest" time="1.090" classname="core.ExtentReportsTest"/>
</testsuite> <!-- core.ExtentReportsTest -->
