<?xml version="1.0" encoding="UTF-8"?>
<!-- Generated by org.testng.reporters.JUnitReportReporter -->
<testsuite skipped="0" hostname="L-C02V267CHTD6" name="core.AllureReportTest" tests="2" failures="0" timestamp="2019-08-21T13:50:01 PDT" time="1.711" errors="0">
  <testcase name="SignUpTest" time="0.770" classname="core.AllureReportTest"/>
  <testcase name="ConfirmationTest" time="0.941" classname="core.AllureReportTest"/>
</testsuite> <!-- core.AllureReportTest -->
